*** Using Compiler 'V6.19', folder: 'D:\software\Keil_V5\ARM\ARMCLANG\Bin'
Build target 'robot_f405'
compiling freertos.c...
compiling stm32f4xx_hal_msp.c...
compiling w5500_dev.c...
compiling adsorption_fan_tsk.cpp...
compiling ethernet_data_tsk.cpp...
compiling stm32f4xx_it.c...
compiling at24cxx.c...
compiling cmd_tsk.cpp...
compiling can.c...
compiling main.cpp...
compiling adsorption_motion_tsk.cpp...
../App/Src/default_start_tsk.cpp(184): warning: format specifies type 'unsigned int *' but the argument has type 'uint16_t *' (aka 'unsigned short *') [-Wformat]
                sscanf(cmd_s[1], "%u", (uint16_t *)&(freq));
                                  ~~   ^~~~~~~~~~~~~~~~~~~
                                  %hu
1 warning generated.
compiling default_start_tsk.cpp...
compiling steerwheel_tsk.cpp...
linking...
Program Size: Code=67720 RO-data=2064 RW-data=92 ZI-data=36660  
FromELF: creating hex file...
"robot_f405\robot_f405.axf" - 0 Error(s), 1 Warning(s).
Build Time Elapsed:  00:00:03
